<?xml version="1.0" encoding="UTF-8" standalone="yes"?><!DOCTYPE report PUBLIC "-//JACOCO//DTD Report 1.1//EN" "report.dtd"><report name="PostgresLogParser"><sessioninfo id="fv-az805-298-3da9a29d" start="1739634928378" dump="1739634943960"/><sessioninfo id="fv-az805-298-34a60635" start="1739634947891" dump="1739634977628"/><package name="com/github/isuhorukov/log/watcher"><class name="com/github/isuhorukov/log/watcher/EnrichmentOff" sourcefilename="EnrichmentOff.java"><method name="&lt;init&gt;" desc="()V" line="12"><counter type="INSTRUCTION" missed="0" covered="3"/><counter type="LINE" missed="0" covered="1"/><counter type="COMPLEXITY" missed="0" covered="1"/><counter type="METHOD" missed="0" covered="1"/></method><method name="getStatement" desc="(Ljava/lang/String;)Ljava/lang/String;" line="22"><counter type="INSTRUCTION" missed="0" covered="2"/><counter type="LINE" missed="0" covered="1"/><counter type="COMPLEXITY" missed="0" covered="1"/><counter type="METHOD" missed="0" covered="1"/></method><method name="enricherApplicationName" desc="()Ljava/lang/String;" line="32"><counter type="INSTRUCTION" missed="0" covered="2"/><counter type="LINE" missed="0" covered="1"/><counter type="COMPLEXITY" missed="0" covered="1"/><counter type="METHOD" missed="0" covered="1"/></method><method name="close" desc="()V" line="43"><counter type="INSTRUCTION" missed="0" covered="1"/><counter type="LINE" missed="0" covered="1"/><counter type="COMPLEXITY" missed="0" covered="1"/><counter type="METHOD" missed="0" covered="1"/></method><counter type="INSTRUCTION" missed="0" covered="8"/><counter type="LINE" missed="0" covered="4"/><counter type="COMPLEXITY" missed="0" covered="4"/><counter type="METHOD" missed="0" covered="4"/><counter type="CLASS" missed="0" covered="1"/></class><class name="com/github/isuhorukov/log/watcher/VersionProvider" sourcefilename="VersionProvider.java"><method name="&lt;init&gt;" desc="()V" line="15"><counter type="INSTRUCTION" missed="0" covered="3"/><counter type="LINE" missed="0" covered="1"/><counter type="COMPLEXITY" missed="0" covered="1"/><counter type="METHOD" missed="0" covered="1"/></method><method name="getVersion" desc="()[Ljava/lang/String;" line="34"><counter type="INSTRUCTION" missed="0" covered="22"/><counter type="LINE" missed="0" covered="4"/><counter type="COMPLEXITY" missed="0" covered="1"/><counter type="METHOD" missed="0" covered="1"/></method><counter type="INSTRUCTION" missed="0" covered="25"/><counter type="LINE" missed="0" covered="5"/><counter type="COMPLEXITY" missed="0" covered="2"/><counter type="METHOD" missed="0" covered="2"/><counter type="CLASS" missed="0" covered="1"/></class><class name="com/github/isuhorukov/log/watcher/LogEnricher" sourcefilename="LogEnricher.java"/><class name="com/github/isuhorukov/log/watcher/PostgreSqlJson$1" sourcefilename="PostgreSqlJson.java"><method name="&lt;init&gt;" desc="(Lcom/github/isuhorukov/log/watcher/PostgreSqlJson;)V" line="577"><counter type="INSTRUCTION" missed="0" covered="6"/><counter type="LINE" missed="0" covered="1"/><counter type="COMPLEXITY" missed="0" covered="1"/><counter type="METHOD" missed="0" covered="1"/></method><counter type="INSTRUCTION" missed="0" covered="6"/><counter type="LINE" missed="0" covered="1"/><counter type="COMPLEXITY" missed="0" covered="1"/><counter type="METHOD" missed="0" covered="1"/><counter type="CLASS" missed="0" covered="1"/></class><class name="com/github/isuhorukov/log/watcher/LogEnricherPostgreSql" sourcefilename="LogEnricherPostgreSql.java"><method name="&lt;init&gt;" desc="(Ljava/lang/String;ILjava/lang/String;Ljava/lang/String;Ljava/lang/String;I)V" line="45"><counter type="INSTRUCTION" missed="2" covered="53"/><counter type="BRANCH" missed="1" covered="3"/><counter type="LINE" missed="0" covered="7"/><counter type="COMPLEXITY" missed="1" covered="2"/><counter type="METHOD" missed="0" covered="1"/></method><method name="getStatement" desc="(Ljava/lang/String;)Ljava/lang/String;" line="100"><counter type="INSTRUCTION" missed="0" covered="25"/><counter type="BRANCH" missed="0" covered="4"/><counter type="LINE" missed="0" covered="7"/><counter type="COMPLEXITY" missed="0" covered="3"/><counter type="METHOD" missed="0" covered="1"/></method><method name="internalGetStatement" desc="(Ljava/lang/Long;)Ljava/lang/String;" line="114"><counter type="INSTRUCTION" missed="0" covered="30"/><counter type="BRANCH" missed="1" covered="3"/><counter type="LINE" missed="0" covered="7"/><counter type="COMPLEXITY" missed="1" covered="2"/><counter type="METHOD" missed="0" covered="1"/></method><method name="enricherApplicationName" desc="()Ljava/lang/String;" line="137"><counter type="INSTRUCTION" missed="0" covered="2"/><counter type="LINE" missed="0" covered="1"/><counter type="COMPLEXITY" missed="0" covered="1"/><counter type="METHOD" missed="0" covered="1"/></method><method name="close" desc="()V" line="153"><counter type="INSTRUCTION" missed="3" covered="5"/><counter type="LINE" missed="0" covered="3"/><counter type="COMPLEXITY" missed="0" covered="1"/><counter type="METHOD" missed="0" covered="1"/></method><counter type="INSTRUCTION" missed="5" covered="115"/><counter type="BRANCH" missed="2" covered="10"/><counter type="LINE" missed="0" covered="25"/><counter type="COMPLEXITY" missed="2" covered="9"/><counter type="METHOD" missed="0" covered="5"/><counter type="CLASS" missed="0" covered="1"/></class><class name="com/github/isuhorukov/log/watcher/PostgreSqlJson$2" sourcefilename="PostgreSqlJson.java"><method name="&lt;init&gt;" desc="(Lcom/github/isuhorukov/log/watcher/PostgreSqlJson;)V" line="579"><counter type="INSTRUCTION" missed="0" covered="6"/><counter type="LINE" missed="0" covered="1"/><counter type="COMPLEXITY" missed="0" covered="1"/><counter type="METHOD" missed="0" covered="1"/></method><method name="run" desc="()V" line="582"><counter type="INSTRUCTION" missed="0" covered="4"/><counter type="LINE" missed="0" covered="2"/><counter type="COMPLEXITY" missed="0" covered="1"/><counter type="METHOD" missed="0" covered="1"/></method><counter type="INSTRUCTION" missed="0" covered="10"/><counter type="LINE" missed="0" covered="3"/><counter type="COMPLEXITY" missed="0" covered="2"/><counter type="METHOD" missed="0" covered="2"/><counter type="CLASS" missed="0" covered="1"/></class><class name="com/github/isuhorukov/log/watcher/PostgreSqlJson" sourcefilename="PostgreSqlJson.java"><method name="&lt;init&gt;" desc="()V" line="41"><counter type="INSTRUCTION" missed="0" covered="17"/><counter type="LINE" missed="0" covered="5"/><counter type="COMPLEXITY" missed="0" covered="1"/><counter type="METHOD" missed="0" covered="1"/></method><method name="main" desc="([Ljava/lang/String;)V" line="135"><counter type="INSTRUCTION" missed="5" covered="16"/><counter type="BRANCH" missed="1" covered="1"/><counter type="LINE" missed="1" covered="5"/><counter type="COMPLEXITY" missed="1" covered="1"/><counter type="METHOD" missed="0" covered="1"/></method><method name="call" desc="()Ljava/lang/Integer;" line="153"><counter type="INSTRUCTION" missed="0" covered="4"/><counter type="LINE" missed="0" covered="1"/><counter type="COMPLEXITY" missed="0" covered="1"/><counter type="METHOD" missed="0" covered="1"/></method><method name="watchPostgreSqlLogs" desc="()I" line="206"><counter type="INSTRUCTION" missed="0" covered="123"/><counter type="BRANCH" missed="1" covered="17"/><counter type="LINE" missed="0" covered="30"/><counter type="COMPLEXITY" missed="1" covered="9"/><counter type="METHOD" missed="0" covered="1"/></method><method name="initLogEnricher" desc="()V" line="277"><counter type="INSTRUCTION" missed="0" covered="65"/><counter type="BRANCH" missed="1" covered="3"/><counter type="LINE" missed="0" covered="15"/><counter type="COMPLEXITY" missed="1" covered="2"/><counter type="METHOD" missed="0" covered="1"/></method><method name="registerWatchEvent" desc="(Ljava/nio/file/Path;Ljava/nio/file/WatchService;)V" line="307"><counter type="INSTRUCTION" missed="0" covered="15"/><counter type="LINE" missed="0" covered="2"/><counter type="COMPLEXITY" missed="0" covered="1"/><counter type="METHOD" missed="0" covered="1"/></method><method name="getWatchService" desc="()Ljava/nio/file/WatchService;" line="318"><counter type="INSTRUCTION" missed="0" covered="3"/><counter type="LINE" missed="0" covered="1"/><counter type="COMPLEXITY" missed="0" covered="1"/><counter type="METHOD" missed="0" covered="1"/></method><method name="initialLogImport" desc="(Ljava/io/File;)V" line="342"><counter type="INSTRUCTION" missed="0" covered="33"/><counter type="BRANCH" missed="2" covered="4"/><counter type="LINE" missed="0" covered="6"/><counter type="COMPLEXITY" missed="2" covered="2"/><counter type="METHOD" missed="0" covered="1"/></method><method name="parseLogLine" desc="(Ljava/lang/String;Ljava/lang/String;)V" line="399"><counter type="INSTRUCTION" missed="4" covered="89"/><counter type="BRANCH" missed="1" covered="13"/><counter type="LINE" missed="0" covered="21"/><counter type="COMPLEXITY" missed="1" covered="7"/><counter type="METHOD" missed="0" covered="1"/></method><method name="skipProcessing" desc="(Lorg/slf4j/event/Level;)Z" line="430"><counter type="INSTRUCTION" missed="10" covered="22"/><counter type="BRANCH" missed="6" covered="10"/><counter type="LINE" missed="0" covered="7"/><counter type="COMPLEXITY" missed="6" covered="5"/><counter type="METHOD" missed="0" covered="1"/></method><method name="processLogRecordAttributes" desc="(Ljava/util/Iterator;Lorg/slf4j/spi/LoggingEventBuilder;)Lorg/slf4j/spi/LoggingEventBuilder;" line="452"><counter type="INSTRUCTION" missed="0" covered="63"/><counter type="BRANCH" missed="0" covered="14"/><counter type="LINE" missed="0" covered="15"/><counter type="COMPLEXITY" missed="0" covered="8"/><counter type="METHOD" missed="0" covered="1"/></method><method name="enrichWithStatementText" desc="(Ljava/lang/String;Lorg/slf4j/spi/LoggingEventBuilder;)Lorg/slf4j/spi/LoggingEventBuilder;" line="474"><counter type="INSTRUCTION" missed="0" covered="17"/><counter type="BRANCH" missed="1" covered="3"/><counter type="LINE" missed="0" covered="4"/><counter type="COMPLEXITY" missed="1" covered="2"/><counter type="METHOD" missed="0" covered="1"/></method><method name="parseDuration" desc="(Ljava/lang/String;Lorg/slf4j/spi/LoggingEventBuilder;)Lorg/slf4j/spi/LoggingEventBuilder;" line="482"><counter type="INSTRUCTION" missed="0" covered="72"/><counter type="BRANCH" missed="0" covered="6"/><counter type="LINE" missed="0" covered="14"/><counter type="COMPLEXITY" missed="0" covered="4"/><counter type="METHOD" missed="0" covered="1"/></method><method name="getValue" desc="(Lcom/fasterxml/jackson/databind/JsonNode;)Ljava/lang/Object;" line="501"><counter type="INSTRUCTION" missed="3" covered="23"/><counter type="BRANCH" missed="1" covered="4"/><counter type="LINE" missed="1" covered="5"/><counter type="COMPLEXITY" missed="1" covered="3"/><counter type="METHOD" missed="0" covered="1"/></method><method name="getSeverity" desc="(Ljava/lang/String;)Lorg/slf4j/event/Level;" line="519"><counter type="INSTRUCTION" missed="0" covered="18"/><counter type="BRANCH" missed="0" covered="5"/><counter type="LINE" missed="0" covered="6"/><counter type="COMPLEXITY" missed="0" covered="5"/><counter type="METHOD" missed="0" covered="1"/></method><method name="positionFileTasks" desc="()Ljava/lang/Thread;" line="574"><counter type="INSTRUCTION" missed="0" covered="54"/><counter type="BRANCH" missed="1" covered="3"/><counter type="LINE" missed="0" covered="8"/><counter type="COMPLEXITY" missed="1" covered="2"/><counter type="METHOD" missed="0" covered="1"/></method><method name="saveLogFilesPosition" desc="()V" line="613"><counter type="INSTRUCTION" missed="1" covered="25"/><counter type="BRANCH" missed="1" covered="1"/><counter type="LINE" missed="1" covered="7"/><counter type="COMPLEXITY" missed="1" covered="1"/><counter type="METHOD" missed="0" covered="1"/></method><method name="readJsonLog" desc="(Ljava/io/File;)V" line="653"><counter type="INSTRUCTION" missed="2" covered="60"/><counter type="BRANCH" missed="3" covered="5"/><counter type="LINE" missed="2" covered="10"/><counter type="COMPLEXITY" missed="3" covered="2"/><counter type="METHOD" missed="0" covered="1"/></method><method name="close" desc="()V" line="673"><counter type="INSTRUCTION" missed="0" covered="4"/><counter type="LINE" missed="0" covered="2"/><counter type="COMPLEXITY" missed="0" covered="1"/><counter type="METHOD" missed="0" covered="1"/></method><method name="lambda$readJsonLog$2" desc="(Ljava/lang/String;)Ljava/lang/Long;" line="658"><counter type="INSTRUCTION" missed="3" covered="0"/><counter type="LINE" missed="1" covered="0"/><counter type="COMPLEXITY" missed="1" covered="0"/><counter type="METHOD" missed="1" covered="0"/></method><method name="lambda$readJsonLog$1" desc="(Ljava/lang/String;)Ljava/lang/Long;" line="654"><counter type="INSTRUCTION" missed="0" covered="3"/><counter type="LINE" missed="0" covered="1"/><counter type="COMPLEXITY" missed="0" covered="1"/><counter type="METHOD" missed="0" covered="1"/></method><method name="lambda$initialLogImport$0" desc="(Ljava/io/File;)Z" line="342"><counter type="INSTRUCTION" missed="0" covered="5"/><counter type="LINE" missed="0" covered="1"/><counter type="COMPLEXITY" missed="0" covered="1"/><counter type="METHOD" missed="0" covered="1"/></method><method name="&lt;clinit&gt;" desc="()V" line="49"><counter type="INSTRUCTION" missed="0" covered="11"/><counter type="LINE" missed="0" covered="3"/><counter type="COMPLEXITY" missed="0" covered="1"/><counter type="METHOD" missed="0" covered="1"/></method><counter type="INSTRUCTION" missed="28" covered="742"/><counter type="BRANCH" missed="19" covered="89"/><counter type="LINE" missed="5" covered="167"/><counter type="COMPLEXITY" missed="20" covered="61"/><counter type="METHOD" missed="1" covered="22"/><counter type="CLASS" missed="0" covered="1"/></class><sourcefile name="VersionProvider.java"><line nr="15" mi="0" ci="3" mb="0" cb="0"/><line nr="34" mi="0" ci="4" mb="0" cb="0"/><line nr="35" mi="0" ci="4" mb="0" cb="0"/><line nr="36" mi="0" ci="3" mb="0" cb="0"/><line nr="37" mi="0" ci="11" mb="0" cb="0"/><counter type="INSTRUCTION" missed="0" covered="25"/><counter type="LINE" missed="0" covered="5"/><counter type="COMPLEXITY" missed="0" covered="2"/><counter type="METHOD" missed="0" covered="2"/><counter type="CLASS" missed="0" covered="1"/></sourcefile><sourcefile name="LogEnricherPostgreSql.java"><line nr="45" mi="0" ci="4" mb="0" cb="0"/><line nr="46" mi="0" ci="2" mb="0" cb="0"/><line nr="47" mi="0" ci="7" mb="0" cb="0"/><line nr="48" mi="0" ci="18" mb="0" cb="0"/><line nr="49" mi="2" ci="15" mb="1" cb="3"/><line nr="51" mi="0" ci="6" mb="0" cb="0"/><line nr="52" mi="0" ci="1" mb="0" cb="0"/><line nr="100" mi="0" ci="3" mb="0" cb="0"/><line nr="103" mi="0" ci="5" mb="0" cb="4"/><line nr="104" mi="0" ci="2" mb="0" cb="0"/><line nr="107" mi="0" ci="3" mb="0" cb="0"/><line nr="108" mi="0" ci="9" mb="0" cb="0"/><line nr="109" mi="0" ci="1" mb="0" cb="0"/><line nr="110" mi="0" ci="2" mb="0" cb="0"/><line nr="114" mi="0" ci="3" mb="0" cb="0"/><line nr="116" mi="0" ci="6" mb="0" cb="0"/><line nr="117" mi="0" ci="4" mb="0" cb="0"/><line nr="118" mi="0" ci="3" mb="0" cb="2"/><line nr="119" mi="0" ci="6" mb="0" cb="0"/><line nr="121" mi="0" ci="4" mb="0" cb="0"/><line nr="123" mi="0" ci="4" mb="1" cb="1"/><line nr="137" mi="0" ci="2" mb="0" cb="0"/><line nr="153" mi="3" ci="1" mb="0" cb="0"/><line nr="155" mi="0" ci="3" mb="0" cb="0"/><line nr="156" mi="0" ci="1" mb="0" cb="0"/><counter type="INSTRUCTION" missed="5" covered="115"/><counter type="BRANCH" missed="2" covered="10"/><counter type="LINE" missed="0" covered="25"/><counter type="COMPLEXITY" missed="2" covered="9"/><counter type="METHOD" missed="0" covered="5"/><counter type="CLASS" missed="0" covered="1"/></sourcefile><sourcefile name="LogEnricher.java"/><sourcefile name="EnrichmentOff.java"><line nr="12" mi="0" ci="3" mb="0" cb="0"/><line nr="22" mi="0" ci="2" mb="0" cb="0"/><line nr="32" mi="0" ci="2" mb="0" cb="0"/><line nr="43" mi="0" ci="1" mb="0" cb="0"/><counter type="INSTRUCTION" missed="0" covered="8"/><counter type="LINE" missed="0" covered="4"/><counter type="COMPLEXITY" missed="0" covered="4"/><counter type="METHOD" missed="0" covered="4"/><counter type="CLASS" missed="0" covered="1"/></sourcefile><sourcefile name="PostgreSqlJson.java"><line nr="41" mi="0" ci="2" mb="0" cb="0"/><line nr="49" mi="0" ci="3" mb="0" cb="0"/><line nr="50" mi="0" ci="3" mb="0" cb="0"/><line nr="52" mi="0" ci="5" mb="0" cb="0"/><line nr="57" mi="0" ci="5" mb="0" cb="0"/><line nr="62" mi="0" ci="5" mb="0" cb="0"/><line nr="102" mi="0" ci="3" mb="0" cb="0"/><line nr="103" mi="0" ci="2" mb="0" cb="0"/><line nr="135" mi="3" ci="1" mb="0" cb="0"/><line nr="137" mi="0" ci="4" mb="0" cb="0"/><line nr="138" mi="0" ci="7" mb="0" cb="0"/><line nr="139" mi="0" ci="3" mb="1" cb="1"/><line nr="140" mi="2" ci="0" mb="0" cb="0"/><line nr="143" mi="0" ci="1" mb="0" cb="0"/><line nr="153" mi="0" ci="4" mb="0" cb="0"/><line nr="206" mi="0" ci="8" mb="1" cb="3"/><line nr="207" mi="0" ci="3" mb="0" cb="0"/><line nr="208" mi="0" ci="2" mb="0" cb="0"/><line nr="210" mi="0" ci="6" mb="0" cb="0"/><line nr="211" mi="0" ci="3" mb="0" cb="2"/><line nr="212" mi="0" ci="5" mb="0" cb="0"/><line nr="213" mi="0" ci="2" mb="0" cb="0"/><line nr="215" mi="0" ci="3" mb="0" cb="2"/><line nr="216" mi="0" ci="5" mb="0" cb="0"/><line nr="217" mi="0" ci="2" mb="0" cb="0"/><line nr="219" mi="0" ci="10" mb="0" cb="4"/><line nr="220" mi="0" ci="6" mb="0" cb="0"/><line nr="221" mi="0" ci="2" mb="0" cb="0"/><line nr="223" mi="0" ci="2" mb="0" cb="0"/><line nr="224" mi="0" ci="3" mb="0" cb="0"/><line nr="225" mi="0" ci="3" mb="0" cb="0"/><line nr="226" mi="0" ci="6" mb="0" cb="0"/><line nr="227" mi="0" ci="4" mb="0" cb="0"/><line nr="228" mi="0" ci="3" mb="0" cb="0"/><line nr="229" mi="0" ci="4" mb="0" cb="0"/><line nr="231" mi="0" ci="5" mb="0" cb="2"/><line nr="232" mi="0" ci="11" mb="0" cb="2"/><line nr="233" mi="0" ci="4" mb="0" cb="0"/><line nr="234" mi="0" ci="4" mb="0" cb="2"/><line nr="235" mi="0" ci="1" mb="0" cb="0"/><line nr="237" mi="0" ci="8" mb="0" cb="0"/><line nr="238" mi="0" ci="1" mb="0" cb="0"/><line nr="239" mi="0" ci="1" mb="0" cb="0"/><line nr="240" mi="0" ci="4" mb="0" cb="0"/><line nr="243" mi="0" ci="2" mb="0" cb="0"/><line nr="277" mi="0" ci="7" mb="1" cb="3"/><line nr="279" mi="0" ci="17" mb="0" cb="0"/><line nr="280" mi="0" ci="1" mb="0" cb="0"/><line nr="281" mi="0" ci="4" mb="0" cb="0"/><line nr="282" mi="0" ci="2" mb="0" cb="0"/><line nr="283" mi="0" ci="5" mb="0" cb="0"/><line nr="284" mi="0" ci="1" mb="0" cb="0"/><line nr="286" mi="0" ci="5" mb="0" cb="0"/><line nr="287" mi="0" ci="5" mb="0" cb="0"/><line nr="288" mi="0" ci="1" mb="0" cb="0"/><line nr="289" mi="0" ci="4" mb="0" cb="0"/><line nr="291" mi="0" ci="5" mb="0" cb="0"/><line nr="292" mi="0" ci="2" mb="0" cb="0"/><line nr="295" mi="0" ci="5" mb="0" cb="0"/><line nr="297" mi="0" ci="1" mb="0" cb="0"/><line nr="307" mi="0" ci="14" mb="0" cb="0"/><line nr="308" mi="0" ci="1" mb="0" cb="0"/><line nr="318" mi="0" ci="3" mb="0" cb="0"/><line nr="342" mi="0" ci="9" mb="0" cb="0"/><line nr="344" mi="0" ci="5" mb="2" cb="2"/><line nr="345" mi="0" ci="4" mb="0" cb="0"/><line nr="346" mi="0" ci="16" mb="0" cb="2"/><line nr="347" mi="0" ci="3" mb="0" cb="0"/><line nr="350" mi="0" ci="1" mb="0" cb="0"/><line nr="399" mi="3" ci="1" mb="0" cb="0"/><line nr="401" mi="0" ci="4" mb="0" cb="0"/><line nr="402" mi="0" ci="6" mb="0" cb="0"/><line nr="403" mi="1" ci="4" mb="1" cb="1"/><line nr="405" mi="0" ci="3" mb="0" cb="0"/><line nr="407" mi="0" ci="5" mb="0" cb="0"/><line nr="408" mi="0" ci="10" mb="0" cb="4"/><line nr="409" mi="0" ci="1" mb="0" cb="0"/><line nr="411" mi="0" ci="4" mb="0" cb="0"/><line nr="412" mi="0" ci="4" mb="0" cb="2"/><line nr="413" mi="0" ci="6" mb="0" cb="0"/><line nr="415" mi="0" ci="4" mb="0" cb="0"/><line nr="416" mi="0" ci="4" mb="0" cb="2"/><line nr="417" mi="0" ci="7" mb="0" cb="0"/><line nr="419" mi="0" ci="4" mb="0" cb="2"/><line nr="420" mi="0" ci="6" mb="0" cb="0"/><line nr="423" mi="0" ci="5" mb="0" cb="0"/><line nr="424" mi="0" ci="3" mb="0" cb="2"/><line nr="425" mi="0" ci="5" mb="0" cb="0"/><line nr="426" mi="0" ci="2" mb="0" cb="0"/><line nr="427" mi="0" ci="1" mb="0" cb="0"/><line nr="430" mi="0" ci="5" mb="1" cb="5"/><line nr="432" mi="2" ci="3" mb="1" cb="1"/><line nr="435" mi="2" ci="3" mb="1" cb="1"/><line nr="438" mi="2" ci="3" mb="1" cb="1"/><line nr="441" mi="2" ci="3" mb="1" cb="1"/><line nr="444" mi="2" ci="3" mb="1" cb="1"/><line nr="447" mi="0" ci="2" mb="0" cb="0"/><line nr="452" mi="0" ci="3" mb="0" cb="2"/><line nr="453" mi="0" ci="4" mb="0" cb="0"/><line nr="454" mi="0" ci="4" mb="0" cb="0"/><line nr="455" mi="0" ci="5" mb="0" cb="0"/><line nr="456" mi="0" ci="6" mb="0" cb="2"/><line nr="457" mi="0" ci="6" mb="0" cb="4"/><line nr="459" mi="0" ci="1" mb="0" cb="0"/><line nr="461" mi="0" ci="10" mb="0" cb="4"/><line nr="462" mi="0" ci="2" mb="0" cb="0"/><line nr="464" mi="0" ci="4" mb="0" cb="2"/><line nr="465" mi="0" ci="5" mb="0" cb="0"/><line nr="467" mi="0" ci="4" mb="0" cb="0"/><line nr="468" mi="0" ci="6" mb="0" cb="0"/><line nr="469" mi="0" ci="1" mb="0" cb="0"/><line nr="470" mi="0" ci="2" mb="0" cb="0"/><line nr="474" mi="0" ci="5" mb="0" cb="0"/><line nr="475" mi="0" ci="5" mb="1" cb="3"/><line nr="476" mi="0" ci="5" mb="0" cb="0"/><line nr="478" mi="0" ci="2" mb="0" cb="0"/><line nr="482" mi="0" ci="4" mb="0" cb="0"/><line nr="483" mi="0" ci="7" mb="0" cb="0"/><line nr="484" mi="0" ci="6" mb="0" cb="0"/><line nr="485" mi="0" ci="4" mb="0" cb="0"/><line nr="486" mi="0" ci="3" mb="0" cb="2"/><line nr="487" mi="0" ci="7" mb="0" cb="0"/><line nr="488" mi="0" ci="5" mb="0" cb="0"/><line nr="489" mi="0" ci="1" mb="0" cb="0"/><line nr="490" mi="0" ci="8" mb="0" cb="2"/><line nr="491" mi="0" ci="7" mb="0" cb="0"/><line nr="493" mi="0" ci="8" mb="0" cb="2"/><line nr="494" mi="0" ci="6" mb="0" cb="0"/><line nr="496" mi="0" ci="4" mb="0" cb="0"/><line nr="497" mi="0" ci="2" mb="0" cb="0"/><line nr="501" mi="0" ci="6" mb="0" cb="2"/><line nr="503" mi="0" ci="6" mb="1" cb="2"/><line nr="505" mi="0" ci="4" mb="0" cb="0"/><line nr="507" mi="0" ci="4" mb="0" cb="0"/><line nr="509" mi="3" ci="0" mb="0" cb="0"/><line nr="513" mi="0" ci="3" mb="0" cb="0"/><line nr="519" mi="0" ci="8" mb="0" cb="5"/><line nr="525" mi="0" ci="2" mb="0" cb="0"/><line nr="528" mi="0" ci="2" mb="0" cb="0"/><line nr="529" mi="0" ci="2" mb="0" cb="0"/><line nr="532" mi="0" ci="2" mb="0" cb="0"/><line nr="534" mi="0" ci="2" mb="0" cb="0"/><line nr="574" mi="0" ci="6" mb="0" cb="0"/><line nr="575" mi="0" ci="8" mb="1" cb="3"/><line nr="576" mi="0" ci="11" mb="0" cb="0"/><line nr="577" mi="0" ci="6" mb="0" cb="0"/><line nr="579" mi="0" ci="19" mb="0" cb="0"/><line nr="582" mi="0" ci="3" mb="0" cb="0"/><line nr="583" mi="0" ci="1" mb="0" cb="0"/><line nr="584" mi="0" ci="5" mb="0" cb="0"/><line nr="585" mi="0" ci="6" mb="0" cb="0"/><line nr="586" mi="0" ci="3" mb="0" cb="0"/><line nr="587" mi="0" ci="2" mb="0" cb="0"/><line nr="613" mi="0" ci="4" mb="1" cb="1"/><line nr="614" mi="1" ci="0" mb="0" cb="0"/><line nr="616" mi="0" ci="6" mb="0" cb="0"/><line nr="617" mi="0" ci="8" mb="0" cb="0"/><line nr="619" mi="0" ci="1" mb="0" cb="0"/><line nr="620" mi="0" ci="4" mb="0" cb="0"/><line nr="621" mi="0" ci="1" mb="0" cb="0"/><line nr="622" mi="0" ci="1" mb="0" cb="0"/><line nr="653" mi="0" ci="3" mb="0" cb="0"/><line nr="654" mi="0" ci="11" mb="0" cb="0"/><line nr="655" mi="0" ci="5" mb="1" cb="1"/><line nr="656" mi="1" ci="0" mb="0" cb="0"/><line nr="658" mi="3" ci="16" mb="2" cb="2"/><line nr="659" mi="1" ci="0" mb="0" cb="0"/><line nr="661" mi="0" ci="6" mb="0" cb="0"/><line nr="662" mi="0" ci="3" mb="0" cb="0"/><line nr="664" mi="0" ci="5" mb="0" cb="2"/><line nr="665" mi="0" ci="5" mb="0" cb="0"/><line nr="668" mi="0" ci="8" mb="0" cb="0"/><line nr="669" mi="0" ci="1" mb="0" cb="0"/><line nr="673" mi="0" ci="3" mb="0" cb="0"/><line nr="674" mi="0" ci="1" mb="0" cb="0"/><counter type="INSTRUCTION" missed="28" covered="758"/><counter type="BRANCH" missed="19" covered="89"/><counter type="LINE" missed="5" covered="170"/><counter type="COMPLEXITY" missed="20" covered="64"/><counter type="METHOD" missed="1" covered="25"/><counter type="CLASS" missed="0" covered="3"/></sourcefile><counter type="INSTRUCTION" missed="33" covered="906"/><counter type="BRANCH" missed="21" covered="99"/><counter type="LINE" missed="5" covered="204"/><counter type="COMPLEXITY" missed="22" covered="79"/><counter type="METHOD" missed="1" covered="36"/><counter type="CLASS" missed="0" covered="6"/></package><counter type="INSTRUCTION" missed="33" covered="906"/><counter type="BRANCH" missed="21" covered="99"/><counter type="LINE" missed="5" covered="204"/><counter type="COMPLEXITY" missed="22" covered="79"/><counter type="METHOD" missed="1" covered="36"/><counter type="CLASS" missed="0" covered="6"/></report>